<?xml version="1.0" encoding="UTF-8"?>
<!-- Generated by org.testng.reporters.JUnitReportReporter -->
<testsuite hostname="MacBook-Pro-de-MacBook.local" failures="0" tests="2" name="tests.test" time="106.799" errors="0" timestamp="19 oct. 2019 19:10:46 GMT" skipped="0">
  <testcase classname="tests.test" name="testUserStory2" time="55.553"/>
  <testcase classname="tests.test" name="testUserStory1" time="51.246"/>
</testsuite> <!-- tests.test -->
