<?xml version="1.0" encoding="UTF-8"?>
<!-- Generated by org.testng.reporters.JUnitReportReporter -->
<testsuite hostname="MacBook-Pro-de-MacBook.local" failures="0" tests="1" name="tests.test" time="32.390" errors="0" timestamp="19 oct. 2019 16:18:40 GMT" skipped="0">
  <testcase classname="tests.test" name="testUserStory1" time="32.390"/>
</testsuite> <!-- tests.test -->
